2019-11-05 10:50:48.157  INFO 7924 --- [restartedMain] com.jjy.blog.BlogApplication             : Starting BlogApplication on DESKTOP-6B0KO1D with PID 7924 (E:\JAVA_WEB\blog\target\classes started by 15381 in E:\JAVA_WEB\blog)
2019-11-05 10:50:48.160  INFO 7924 --- [restartedMain] com.jjy.blog.BlogApplication             : The following profiles are active: pro
2019-11-05 10:50:48.949  WARN 7924 --- [restartedMain] o.a.catalina.core.AprLifecycleListener   : The APR based Apache Tomcat Native library failed to load. The error reported was [no tcnative-1 in java.library.path]

java.lang.UnsatisfiedLinkError: no tcnative-1 in java.library.path
	at java.lang.ClassLoader.loadLibrary(ClassLoader.java:1857) ~[na:1.8.0_20]
	at java.lang.Runtime.loadLibrary0(Runtime.java:870) ~[na:1.8.0_20]
	at java.lang.System.loadLibrary(System.java:1119) ~[na:1.8.0_20]
	at org.apache.tomcat.jni.Library.<init>(Library.java:69) ~[tomcat-embed-core-9.0.27.jar:9.0.27]
	at org.apache.tomcat.jni.Library.initialize(Library.java:206) ~[tomcat-embed-core-9.0.27.jar:9.0.27]
	at org.apache.catalina.core.AprLifecycleListener.init(AprLifecycleListener.java:198) [tomcat-embed-core-9.0.27.jar:9.0.27]
	at org.apache.catalina.core.AprLifecycleListener.isAprAvailable(AprLifecycleListener.java:107) [tomcat-embed-core-9.0.27.jar:9.0.27]
	at org.springframework.boot.web.embedded.tomcat.TomcatServletWebServerFactory.getDefaultLifecycleListeners(TomcatServletWebServerFactory.java:168) [spring-boot-2.2.0.RELEASE.jar:2.2.0.RELEASE]
	at org.springframework.boot.web.embedded.tomcat.TomcatServletWebServerFactory.<init>(TomcatServletWebServerFactory.java:119) [spring-boot-2.2.0.RELEASE.jar:2.2.0.RELEASE]
	at org.springframework.boot.autoconfigure.web.servlet.ServletWebServerFactoryConfiguration$EmbeddedTomcat.tomcatServletWebServerFactory(ServletWebServerFactoryConfiguration.java:75) [spring-boot-autoconfigure-2.2.0.RELEASE.jar:2.2.0.RELEASE]
	at sun.reflect.NativeMethodAccessorImpl.invoke0(Native Method) ~[na:1.8.0_20]
	at sun.reflect.NativeMethodAccessorImpl.invoke(NativeMethodAccessorImpl.java:62) ~[na:1.8.0_20]
	at sun.reflect.DelegatingMethodAccessorImpl.invoke(DelegatingMethodAccessorImpl.java:43) ~[na:1.8.0_20]
	at java.lang.reflect.Method.invoke(Method.java:483) ~[na:1.8.0_20]
	at org.springframework.beans.factory.support.SimpleInstantiationStrategy.instantiate(SimpleInstantiationStrategy.java:154) [spring-beans-5.2.0.RELEASE.jar:5.2.0.RELEASE]
	at org.springframework.beans.factory.support.ConstructorResolver.instantiate(ConstructorResolver.java:640) [spring-beans-5.2.0.RELEASE.jar:5.2.0.RELEASE]
	at org.springframework.beans.factory.support.ConstructorResolver.instantiateUsingFactoryMethod(ConstructorResolver.java:625) [spring-beans-5.2.0.RELEASE.jar:5.2.0.RELEASE]
	at org.springframework.beans.factory.support.AbstractAutowireCapableBeanFactory.instantiateUsingFactoryMethod(AbstractAutowireCapableBeanFactory.java:1338) [spring-beans-5.2.0.RELEASE.jar:5.2.0.RELEASE]
	at org.springframework.beans.factory.support.AbstractAutowireCapableBeanFactory.createBeanInstance(AbstractAutowireCapableBeanFactory.java:1177) [spring-beans-5.2.0.RELEASE.jar:5.2.0.RELEASE]
	at org.springframework.beans.factory.support.AbstractAutowireCapableBeanFactory.doCreateBean(AbstractAutowireCapableBeanFactory.java:557) [spring-beans-5.2.0.RELEASE.jar:5.2.0.RELEASE]
	at org.springframework.beans.factory.support.AbstractAutowireCapableBeanFactory.createBean(AbstractAutowireCapableBeanFactory.java:517) [spring-beans-5.2.0.RELEASE.jar:5.2.0.RELEASE]
	at org.springframework.beans.factory.support.AbstractBeanFactory.lambda$doGetBean$0(AbstractBeanFactory.java:323) [spring-beans-5.2.0.RELEASE.jar:5.2.0.RELEASE]
	at org.springframework.beans.factory.support.AbstractBeanFactory$$Lambda$183/668276794.getObject(Unknown Source) [spring-beans-5.2.0.RELEASE.jar:5.2.0.RELEASE]
	at org.springframework.beans.factory.support.DefaultSingletonBeanRegistry.getSingleton(DefaultSingletonBeanRegistry.java:222) [spring-beans-5.2.0.RELEASE.jar:5.2.0.RELEASE]
	at org.springframework.beans.factory.support.AbstractBeanFactory.doGetBean(AbstractBeanFactory.java:321) [spring-beans-5.2.0.RELEASE.jar:5.2.0.RELEASE]
	at org.springframework.beans.factory.support.AbstractBeanFactory.getBean(AbstractBeanFactory.java:207) [spring-beans-5.2.0.RELEASE.jar:5.2.0.RELEASE]
	at org.springframework.boot.web.servlet.context.ServletWebServerApplicationContext.getWebServerFactory(ServletWebServerApplicationContext.java:210) [spring-boot-2.2.0.RELEASE.jar:2.2.0.RELEASE]
	at org.springframework.boot.web.servlet.context.ServletWebServerApplicationContext.createWebServer(ServletWebServerApplicationContext.java:179) [spring-boot-2.2.0.RELEASE.jar:2.2.0.RELEASE]
	at org.springframework.boot.web.servlet.context.ServletWebServerApplicationContext.onRefresh(ServletWebServerApplicationContext.java:153) [spring-boot-2.2.0.RELEASE.jar:2.2.0.RELEASE]
	at org.springframework.context.support.AbstractApplicationContext.refresh(AbstractApplicationContext.java:544) [spring-context-5.2.0.RELEASE.jar:5.2.0.RELEASE]
	at org.springframework.boot.web.servlet.context.ServletWebServerApplicationContext.refresh(ServletWebServerApplicationContext.java:141) [spring-boot-2.2.0.RELEASE.jar:2.2.0.RELEASE]
	at org.springframework.boot.SpringApplication.refresh(SpringApplication.java:747) [spring-boot-2.2.0.RELEASE.jar:2.2.0.RELEASE]
	at org.springframework.boot.SpringApplication.refreshContext(SpringApplication.java:397) [spring-boot-2.2.0.RELEASE.jar:2.2.0.RELEASE]
	at org.springframework.boot.SpringApplication.run(SpringApplication.java:315) [spring-boot-2.2.0.RELEASE.jar:2.2.0.RELEASE]
	at org.springframework.boot.SpringApplication.run(SpringApplication.java:1226) [spring-boot-2.2.0.RELEASE.jar:2.2.0.RELEASE]
	at org.springframework.boot.SpringApplication.run(SpringApplication.java:1215) [spring-boot-2.2.0.RELEASE.jar:2.2.0.RELEASE]
	at com.jjy.blog.BlogApplication.main(BlogApplication.java:10) [classes/:na]
	at sun.reflect.NativeMethodAccessorImpl.invoke0(Native Method) ~[na:1.8.0_20]
	at sun.reflect.NativeMethodAccessorImpl.invoke(NativeMethodAccessorImpl.java:62) ~[na:1.8.0_20]
	at sun.reflect.DelegatingMethodAccessorImpl.invoke(DelegatingMethodAccessorImpl.java:43) ~[na:1.8.0_20]
	at java.lang.reflect.Method.invoke(Method.java:483) ~[na:1.8.0_20]
	at org.springframework.boot.devtools.restart.RestartLauncher.run(RestartLauncher.java:49) [spring-boot-devtools-2.2.0.RELEASE.jar:2.2.0.RELEASE]

2019-11-05 10:50:49.379  WARN 7924 --- [restartedMain] com.zaxxer.hikari.util.DriverDataSource  : Registered driver with driverClassName=com.mysql.jdbc.Driver was not found, trying direct instantiation.
2019-11-05 10:50:49.473 ERROR 7924 --- [restartedMain] com.zaxxer.hikari.pool.HikariPool        : HikariPool-1 - Exception during pool initialization.

java.sql.SQLSyntaxErrorException: Unknown database 'blog'
	at com.mysql.cj.jdbc.exceptions.SQLError.createSQLException(SQLError.java:120) ~[mysql-connector-java-8.0.17.jar:8.0.17]
	at com.mysql.cj.jdbc.exceptions.SQLError.createSQLException(SQLError.java:97) ~[mysql-connector-java-8.0.17.jar:8.0.17]
	at com.mysql.cj.jdbc.exceptions.SQLExceptionsMapping.translateException(SQLExceptionsMapping.java:122) ~[mysql-connector-java-8.0.17.jar:8.0.17]
	at com.mysql.cj.jdbc.ConnectionImpl.createNewIO(ConnectionImpl.java:827) ~[mysql-connector-java-8.0.17.jar:8.0.17]
	at com.mysql.cj.jdbc.ConnectionImpl.<init>(ConnectionImpl.java:447) ~[mysql-connector-java-8.0.17.jar:8.0.17]
	at com.mysql.cj.jdbc.ConnectionImpl.getInstance(ConnectionImpl.java:237) ~[mysql-connector-java-8.0.17.jar:8.0.17]
	at com.mysql.cj.jdbc.NonRegisteringDriver.connect(NonRegisteringDriver.java:199) ~[mysql-connector-java-8.0.17.jar:8.0.17]
	at com.zaxxer.hikari.util.DriverDataSource.getConnection(DriverDataSource.java:138) ~[HikariCP-3.4.1.jar:na]
	at com.zaxxer.hikari.pool.PoolBase.newConnection(PoolBase.java:353) ~[HikariCP-3.4.1.jar:na]
	at com.zaxxer.hikari.pool.PoolBase.newPoolEntry(PoolBase.java:201) ~[HikariCP-3.4.1.jar:na]
	at com.zaxxer.hikari.pool.HikariPool.createPoolEntry(HikariPool.java:473) [HikariCP-3.4.1.jar:na]
	at com.zaxxer.hikari.pool.HikariPool.checkFailFast(HikariPool.java:562) [HikariCP-3.4.1.jar:na]
	at com.zaxxer.hikari.pool.HikariPool.<init>(HikariPool.java:115) [HikariCP-3.4.1.jar:na]
	at com.zaxxer.hikari.HikariDataSource.getConnection(HikariDataSource.java:112) [HikariCP-3.4.1.jar:na]
	at org.springframework.jdbc.datasource.DataSourceUtils.fetchConnection(DataSourceUtils.java:158) [spring-jdbc-5.2.0.RELEASE.jar:5.2.0.RELEASE]
	at org.springframework.jdbc.datasource.DataSourceUtils.doGetConnection(DataSourceUtils.java:116) [spring-jdbc-5.2.0.RELEASE.jar:5.2.0.RELEASE]
	at org.springframework.jdbc.datasource.DataSourceUtils.getConnection(DataSourceUtils.java:79) [spring-jdbc-5.2.0.RELEASE.jar:5.2.0.RELEASE]
	at org.springframework.jdbc.core.JdbcTemplate.execute(JdbcTemplate.java:324) [spring-jdbc-5.2.0.RELEASE.jar:5.2.0.RELEASE]
	at org.springframework.boot.jdbc.EmbeddedDatabaseConnection.isEmbedded(EmbeddedDatabaseConnection.java:120) [spring-boot-2.2.0.RELEASE.jar:2.2.0.RELEASE]
	at org.springframework.boot.autoconfigure.orm.jpa.HibernateDefaultDdlAutoProvider.getDefaultDdlAuto(HibernateDefaultDdlAutoProvider.java:42) [spring-boot-autoconfigure-2.2.0.RELEASE.jar:2.2.0.RELEASE]
	at org.springframework.boot.autoconfigure.orm.jpa.HibernateJpaConfiguration.lambda$getVendorProperties$1(HibernateJpaConfiguration.java:130) [spring-boot-autoconfigure-2.2.0.RELEASE.jar:2.2.0.RELEASE]
	at org.springframework.boot.autoconfigure.orm.jpa.HibernateJpaConfiguration$$Lambda$437/1020154595.get(Unknown Source) [spring-boot-autoconfigure-2.2.0.RELEASE.jar:2.2.0.RELEASE]
	at org.springframework.boot.autoconfigure.orm.jpa.HibernateSettings.getDdlAuto(HibernateSettings.java:41) [spring-boot-autoconfigure-2.2.0.RELEASE.jar:2.2.0.RELEASE]
	at org.springframework.boot.autoconfigure.orm.jpa.HibernateProperties$$Lambda$438/1647743245.get(Unknown Source) [spring-boot-autoconfigure-2.2.0.RELEASE.jar:2.2.0.RELEASE]
	at org.springframework.boot.autoconfigure.orm.jpa.HibernateProperties.determineDdlAuto(HibernateProperties.java:136) [spring-boot-autoconfigure-2.2.0.RELEASE.jar:2.2.0.RELEASE]
	at org.springframework.boot.autoconfigure.orm.jpa.HibernateProperties.getAdditionalProperties(HibernateProperties.java:102) [spring-boot-autoconfigure-2.2.0.RELEASE.jar:2.2.0.RELEASE]
	at org.springframework.boot.autoconfigure.orm.jpa.HibernateProperties.determineHibernateProperties(HibernateProperties.java:94) [spring-boot-autoconfigure-2.2.0.RELEASE.jar:2.2.0.RELEASE]
	at org.springframework.boot.autoconfigure.orm.jpa.HibernateJpaConfiguration.getVendorProperties(HibernateJpaConfiguration.java:132) [spring-boot-autoconfigure-2.2.0.RELEASE.jar:2.2.0.RELEASE]
	at org.springframework.boot.autoconfigure.orm.jpa.JpaBaseConfiguration.entityManagerFactory(JpaBaseConfiguration.java:133) [spring-boot-autoconfigure-2.2.0.RELEASE.jar:2.2.0.RELEASE]
	at sun.reflect.NativeMethodAccessorImpl.invoke0(Native Method) ~[na:1.8.0_20]
	at sun.reflect.NativeMethodAccessorImpl.invoke(NativeMethodAccessorImpl.java:62) ~[na:1.8.0_20]
	at sun.reflect.DelegatingMethodAccessorImpl.invoke(DelegatingMethodAccessorImpl.java:43) ~[na:1.8.0_20]
	at java.lang.reflect.Method.invoke(Method.java:483) ~[na:1.8.0_20]
	at org.springframework.beans.factory.support.SimpleInstantiationStrategy.instantiate(SimpleInstantiationStrategy.java:154) [spring-beans-5.2.0.RELEASE.jar:5.2.0.RELEASE]
	at org.springframework.beans.factory.support.ConstructorResolver.instantiate(ConstructorResolver.java:640) [spring-beans-5.2.0.RELEASE.jar:5.2.0.RELEASE]
	at org.springframework.beans.factory.support.ConstructorResolver.instantiateUsingFactoryMethod(ConstructorResolver.java:625) [spring-beans-5.2.0.RELEASE.jar:5.2.0.RELEASE]
	at org.springframework.beans.factory.support.AbstractAutowireCapableBeanFactory.instantiateUsingFactoryMethod(AbstractAutowireCapableBeanFactory.java:1338) [spring-beans-5.2.0.RELEASE.jar:5.2.0.RELEASE]
	at org.springframework.beans.factory.support.AbstractAutowireCapableBeanFactory.createBeanInstance(AbstractAutowireCapableBeanFactory.java:1177) [spring-beans-5.2.0.RELEASE.jar:5.2.0.RELEASE]
	at org.springframework.beans.factory.support.AbstractAutowireCapableBeanFactory.doCreateBean(AbstractAutowireCapableBeanFactory.java:557) [spring-beans-5.2.0.RELEASE.jar:5.2.0.RELEASE]
	at org.springframework.beans.factory.support.AbstractAutowireCapableBeanFactory.createBean(AbstractAutowireCapableBeanFactory.java:517) [spring-beans-5.2.0.RELEASE.jar:5.2.0.RELEASE]
	at org.springframework.beans.factory.support.AbstractBeanFactory.lambda$doGetBean$0(AbstractBeanFactory.java:323) [spring-beans-5.2.0.RELEASE.jar:5.2.0.RELEASE]
	at org.springframework.beans.factory.support.AbstractBeanFactory$$Lambda$183/668276794.getObject(Unknown Source) [spring-beans-5.2.0.RELEASE.jar:5.2.0.RELEASE]
	at org.springframework.beans.factory.support.DefaultSingletonBeanRegistry.getSingleton(DefaultSingletonBeanRegistry.java:222) [spring-beans-5.2.0.RELEASE.jar:5.2.0.RELEASE]
	at org.springframework.beans.factory.support.AbstractBeanFactory.doGetBean(AbstractBeanFactory.java:321) [spring-beans-5.2.0.RELEASE.jar:5.2.0.RELEASE]
	at org.springframework.beans.factory.support.AbstractBeanFactory.getBean(AbstractBeanFactory.java:202) [spring-beans-5.2.0.RELEASE.jar:5.2.0.RELEASE]
	at org.springframework.context.support.AbstractApplicationContext.getBean(AbstractApplicationContext.java:1108) [spring-context-5.2.0.RELEASE.jar:5.2.0.RELEASE]
	at org.springframework.context.support.AbstractApplicationContext.finishBeanFactoryInitialization(AbstractApplicationContext.java:868) [spring-context-5.2.0.RELEASE.jar:5.2.0.RELEASE]
	at org.springframework.context.support.AbstractApplicationContext.refresh(AbstractApplicationContext.java:550) [spring-context-5.2.0.RELEASE.jar:5.2.0.RELEASE]
	at org.springframework.boot.web.servlet.context.ServletWebServerApplicationContext.refresh(ServletWebServerApplicationContext.java:141) [spring-boot-2.2.0.RELEASE.jar:2.2.0.RELEASE]
	at org.springframework.boot.SpringApplication.refresh(SpringApplication.java:747) [spring-boot-2.2.0.RELEASE.jar:2.2.0.RELEASE]
	at org.springframework.boot.SpringApplication.refreshContext(SpringApplication.java:397) [spring-boot-2.2.0.RELEASE.jar:2.2.0.RELEASE]
	at org.springframework.boot.SpringApplication.run(SpringApplication.java:315) [spring-boot-2.2.0.RELEASE.jar:2.2.0.RELEASE]
	at org.springframework.boot.SpringApplication.run(SpringApplication.java:1226) [spring-boot-2.2.0.RELEASE.jar:2.2.0.RELEASE]
	at org.springframework.boot.SpringApplication.run(SpringApplication.java:1215) [spring-boot-2.2.0.RELEASE.jar:2.2.0.RELEASE]
	at com.jjy.blog.BlogApplication.main(BlogApplication.java:10) [classes/:na]
	at sun.reflect.NativeMethodAccessorImpl.invoke0(Native Method) ~[na:1.8.0_20]
	at sun.reflect.NativeMethodAccessorImpl.invoke(NativeMethodAccessorImpl.java:62) ~[na:1.8.0_20]
	at sun.reflect.DelegatingMethodAccessorImpl.invoke(DelegatingMethodAccessorImpl.java:43) ~[na:1.8.0_20]
	at java.lang.reflect.Method.invoke(Method.java:483) ~[na:1.8.0_20]
	at org.springframework.boot.devtools.restart.RestartLauncher.run(RestartLauncher.java:49) [spring-boot-devtools-2.2.0.RELEASE.jar:2.2.0.RELEASE]

2019-11-05 10:50:49.812  WARN 7924 --- [restartedMain] com.zaxxer.hikari.util.DriverDataSource  : Registered driver with driverClassName=com.mysql.jdbc.Driver was not found, trying direct instantiation.
2019-11-05 10:50:49.815 ERROR 7924 --- [restartedMain] com.zaxxer.hikari.pool.HikariPool        : HikariPool-1 - Exception during pool initialization.

java.sql.SQLSyntaxErrorException: Unknown database 'blog'
	at com.mysql.cj.jdbc.exceptions.SQLError.createSQLException(SQLError.java:120) ~[mysql-connector-java-8.0.17.jar:8.0.17]
	at com.mysql.cj.jdbc.exceptions.SQLError.createSQLException(SQLError.java:97) ~[mysql-connector-java-8.0.17.jar:8.0.17]
	at com.mysql.cj.jdbc.exceptions.SQLExceptionsMapping.translateException(SQLExceptionsMapping.java:122) ~[mysql-connector-java-8.0.17.jar:8.0.17]
	at com.mysql.cj.jdbc.ConnectionImpl.createNewIO(ConnectionImpl.java:827) ~[mysql-connector-java-8.0.17.jar:8.0.17]
	at com.mysql.cj.jdbc.ConnectionImpl.<init>(ConnectionImpl.java:447) ~[mysql-connector-java-8.0.17.jar:8.0.17]
	at com.mysql.cj.jdbc.ConnectionImpl.getInstance(ConnectionImpl.java:237) ~[mysql-connector-java-8.0.17.jar:8.0.17]
	at com.mysql.cj.jdbc.NonRegisteringDriver.connect(NonRegisteringDriver.java:199) ~[mysql-connector-java-8.0.17.jar:8.0.17]
	at com.zaxxer.hikari.util.DriverDataSource.getConnection(DriverDataSource.java:138) ~[HikariCP-3.4.1.jar:na]
	at com.zaxxer.hikari.pool.PoolBase.newConnection(PoolBase.java:353) ~[HikariCP-3.4.1.jar:na]
	at com.zaxxer.hikari.pool.PoolBase.newPoolEntry(PoolBase.java:201) ~[HikariCP-3.4.1.jar:na]
	at com.zaxxer.hikari.pool.HikariPool.createPoolEntry(HikariPool.java:473) [HikariCP-3.4.1.jar:na]
	at com.zaxxer.hikari.pool.HikariPool.checkFailFast(HikariPool.java:562) [HikariCP-3.4.1.jar:na]
	at com.zaxxer.hikari.pool.HikariPool.<init>(HikariPool.java:115) [HikariCP-3.4.1.jar:na]
	at com.zaxxer.hikari.HikariDataSource.getConnection(HikariDataSource.java:112) [HikariCP-3.4.1.jar:na]
	at org.hibernate.engine.jdbc.connections.internal.DatasourceConnectionProviderImpl.getConnection(DatasourceConnectionProviderImpl.java:122) [hibernate-core-5.4.6.Final.jar:5.4.6.Final]
	at org.hibernate.engine.jdbc.env.internal.JdbcEnvironmentInitiator$ConnectionProviderJdbcConnectionAccess.obtainConnection(JdbcEnvironmentInitiator.java:180) [hibernate-core-5.4.6.Final.jar:5.4.6.Final]
	at org.hibernate.engine.jdbc.env.internal.JdbcEnvironmentInitiator.initiateService(JdbcEnvironmentInitiator.java:68) [hibernate-core-5.4.6.Final.jar:5.4.6.Final]
	at org.hibernate.engine.jdbc.env.internal.JdbcEnvironmentInitiator.initiateService(JdbcEnvironmentInitiator.java:35) [hibernate-core-5.4.6.Final.jar:5.4.6.Final]
	at org.hibernate.boot.registry.internal.StandardServiceRegistryImpl.initiateService(StandardServiceRegistryImpl.java:101) [hibernate-core-5.4.6.Final.jar:5.4.6.Final]
	at org.hibernate.service.internal.AbstractServiceRegistryImpl.createService(AbstractServiceRegistryImpl.java:263) [hibernate-core-5.4.6.Final.jar:5.4.6.Final]
	at org.hibernate.service.internal.AbstractServiceRegistryImpl.initializeService(AbstractServiceRegistryImpl.java:237) [hibernate-core-5.4.6.Final.jar:5.4.6.Final]
	at org.hibernate.service.internal.AbstractServiceRegistryImpl.getService(AbstractServiceRegistryImpl.java:214) [hibernate-core-5.4.6.Final.jar:5.4.6.Final]
	at org.hibernate.id.factory.internal.DefaultIdentifierGeneratorFactory.injectServices(DefaultIdentifierGeneratorFactory.java:152) [hibernate-core-5.4.6.Final.jar:5.4.6.Final]
	at org.hibernate.service.internal.AbstractServiceRegistryImpl.injectDependencies(AbstractServiceRegistryImpl.java:286) [hibernate-core-5.4.6.Final.jar:5.4.6.Final]
	at org.hibernate.service.internal.AbstractServiceRegistryImpl.initializeService(AbstractServiceRegistryImpl.java:243) [hibernate-core-5.4.6.Final.jar:5.4.6.Final]
	at org.hibernate.service.internal.AbstractServiceRegistryImpl.getService(AbstractServiceRegistryImpl.java:214) [hibernate-core-5.4.6.Final.jar:5.4.6.Final]
	at org.hibernate.boot.internal.InFlightMetadataCollectorImpl.<init>(InFlightMetadataCollectorImpl.java:175) [hibernate-core-5.4.6.Final.jar:5.4.6.Final]
	at org.hibernate.boot.model.process.spi.MetadataBuildingProcess.complete(MetadataBuildingProcess.java:118) [hibernate-core-5.4.6.Final.jar:5.4.6.Final]
	at org.hibernate.jpa.boot.internal.EntityManagerFactoryBuilderImpl.metadata(EntityManagerFactoryBuilderImpl.java:900) [hibernate-core-5.4.6.Final.jar:5.4.6.Final]
	at org.hibernate.jpa.boot.internal.EntityManagerFactoryBuilderImpl.build(EntityManagerFactoryBuilderImpl.java:931) [hibernate-core-5.4.6.Final.jar:5.4.6.Final]
	at org.springframework.orm.jpa.vendor.SpringHibernateJpaPersistenceProvider.createContainerEntityManagerFactory(SpringHibernateJpaPersistenceProvider.java:58) [spring-orm-5.2.0.RELEASE.jar:5.2.0.RELEASE]
	at org.springframework.orm.jpa.LocalContainerEntityManagerFactoryBean.createNativeEntityManagerFactory(LocalContainerEntityManagerFactoryBean.java:365) [spring-orm-5.2.0.RELEASE.jar:5.2.0.RELEASE]
	at org.springframework.orm.jpa.AbstractEntityManagerFactoryBean.buildNativeEntityManagerFactory(AbstractEntityManagerFactoryBean.java:391) [spring-orm-5.2.0.RELEASE.jar:5.2.0.RELEASE]
	at org.springframework.orm.jpa.AbstractEntityManagerFactoryBean.afterPropertiesSet(AbstractEntityManagerFactoryBean.java:378) [spring-orm-5.2.0.RELEASE.jar:5.2.0.RELEASE]
	at org.springframework.orm.jpa.LocalContainerEntityManagerFactoryBean.afterPropertiesSet(LocalContainerEntityManagerFactoryBean.java:341) [spring-orm-5.2.0.RELEASE.jar:5.2.0.RELEASE]
	at org.springframework.beans.factory.support.AbstractAutowireCapableBeanFactory.invokeInitMethods(AbstractAutowireCapableBeanFactory.java:1862) [spring-beans-5.2.0.RELEASE.jar:5.2.0.RELEASE]
	at org.springframework.beans.factory.support.AbstractAutowireCapableBeanFactory.initializeBean(AbstractAutowireCapableBeanFactory.java:1799) [spring-beans-5.2.0.RELEASE.jar:5.2.0.RELEASE]
	at org.springframework.beans.factory.support.AbstractAutowireCapableBeanFactory.doCreateBean(AbstractAutowireCapableBeanFactory.java:595) [spring-beans-5.2.0.RELEASE.jar:5.2.0.RELEASE]
	at org.springframework.beans.factory.support.AbstractAutowireCapableBeanFactory.createBean(AbstractAutowireCapableBeanFactory.java:517) [spring-beans-5.2.0.RELEASE.jar:5.2.0.RELEASE]
	at org.springframework.beans.factory.support.AbstractBeanFactory.lambda$doGetBean$0(AbstractBeanFactory.java:323) [spring-beans-5.2.0.RELEASE.jar:5.2.0.RELEASE]
	at org.springframework.beans.factory.support.AbstractBeanFactory$$Lambda$183/668276794.getObject(Unknown Source) [spring-beans-5.2.0.RELEASE.jar:5.2.0.RELEASE]
	at org.springframework.beans.factory.support.DefaultSingletonBeanRegistry.getSingleton(DefaultSingletonBeanRegistry.java:222) [spring-beans-5.2.0.RELEASE.jar:5.2.0.RELEASE]
	at org.springframework.beans.factory.support.AbstractBeanFactory.doGetBean(AbstractBeanFactory.java:321) [spring-beans-5.2.0.RELEASE.jar:5.2.0.RELEASE]
	at org.springframework.beans.factory.support.AbstractBeanFactory.getBean(AbstractBeanFactory.java:202) [spring-beans-5.2.0.RELEASE.jar:5.2.0.RELEASE]
	at org.springframework.context.support.AbstractApplicationContext.getBean(AbstractApplicationContext.java:1108) [spring-context-5.2.0.RELEASE.jar:5.2.0.RELEASE]
	at org.springframework.context.support.AbstractApplicationContext.finishBeanFactoryInitialization(AbstractApplicationContext.java:868) [spring-context-5.2.0.RELEASE.jar:5.2.0.RELEASE]
	at org.springframework.context.support.AbstractApplicationContext.refresh(AbstractApplicationContext.java:550) [spring-context-5.2.0.RELEASE.jar:5.2.0.RELEASE]
	at org.springframework.boot.web.servlet.context.ServletWebServerApplicationContext.refresh(ServletWebServerApplicationContext.java:141) [spring-boot-2.2.0.RELEASE.jar:2.2.0.RELEASE]
	at org.springframework.boot.SpringApplication.refresh(SpringApplication.java:747) [spring-boot-2.2.0.RELEASE.jar:2.2.0.RELEASE]
	at org.springframework.boot.SpringApplication.refreshContext(SpringApplication.java:397) [spring-boot-2.2.0.RELEASE.jar:2.2.0.RELEASE]
	at org.springframework.boot.SpringApplication.run(SpringApplication.java:315) [spring-boot-2.2.0.RELEASE.jar:2.2.0.RELEASE]
	at org.springframework.boot.SpringApplication.run(SpringApplication.java:1226) [spring-boot-2.2.0.RELEASE.jar:2.2.0.RELEASE]
	at org.springframework.boot.SpringApplication.run(SpringApplication.java:1215) [spring-boot-2.2.0.RELEASE.jar:2.2.0.RELEASE]
	at com.jjy.blog.BlogApplication.main(BlogApplication.java:10) [classes/:na]
	at sun.reflect.NativeMethodAccessorImpl.invoke0(Native Method) ~[na:1.8.0_20]
	at sun.reflect.NativeMethodAccessorImpl.invoke(NativeMethodAccessorImpl.java:62) ~[na:1.8.0_20]
	at sun.reflect.DelegatingMethodAccessorImpl.invoke(DelegatingMethodAccessorImpl.java:43) ~[na:1.8.0_20]
	at java.lang.reflect.Method.invoke(Method.java:483) ~[na:1.8.0_20]
	at org.springframework.boot.devtools.restart.RestartLauncher.run(RestartLauncher.java:49) [spring-boot-devtools-2.2.0.RELEASE.jar:2.2.0.RELEASE]

2019-11-05 10:50:49.817  WARN 7924 --- [restartedMain] o.h.e.j.e.i.JdbcEnvironmentInitiator     : HHH000342: Could not obtain connection to query metadata : Unknown database 'blog'
2019-11-05 10:50:49.818  WARN 7924 --- [restartedMain] ConfigServletWebServerApplicationContext : Exception encountered during context initialization - cancelling refresh attempt: org.springframework.beans.factory.BeanCreationException: Error creating bean with name 'entityManagerFactory' defined in class path resource [org/springframework/boot/autoconfigure/orm/jpa/HibernateJpaConfiguration.class]: Invocation of init method failed; nested exception is org.hibernate.service.spi.ServiceException: Unable to create requested service [org.hibernate.engine.jdbc.env.spi.JdbcEnvironment]
2019-11-05 10:50:49.909 ERROR 7924 --- [restartedMain] o.s.boot.SpringApplication               : Application run failed

org.springframework.beans.factory.BeanCreationException: Error creating bean with name 'entityManagerFactory' defined in class path resource [org/springframework/boot/autoconfigure/orm/jpa/HibernateJpaConfiguration.class]: Invocation of init method failed; nested exception is org.hibernate.service.spi.ServiceException: Unable to create requested service [org.hibernate.engine.jdbc.env.spi.JdbcEnvironment]
	at org.springframework.beans.factory.support.AbstractAutowireCapableBeanFactory.initializeBean(AbstractAutowireCapableBeanFactory.java:1803) ~[spring-beans-5.2.0.RELEASE.jar:5.2.0.RELEASE]
	at org.springframework.beans.factory.support.AbstractAutowireCapableBeanFactory.doCreateBean(AbstractAutowireCapableBeanFactory.java:595) ~[spring-beans-5.2.0.RELEASE.jar:5.2.0.RELEASE]
	at org.springframework.beans.factory.support.AbstractAutowireCapableBeanFactory.createBean(AbstractAutowireCapableBeanFactory.java:517) ~[spring-beans-5.2.0.RELEASE.jar:5.2.0.RELEASE]
	at org.springframework.beans.factory.support.AbstractBeanFactory.lambda$doGetBean$0(AbstractBeanFactory.java:323) ~[spring-beans-5.2.0.RELEASE.jar:5.2.0.RELEASE]
	at org.springframework.beans.factory.support.AbstractBeanFactory$$Lambda$183/668276794.getObject(Unknown Source) ~[na:na]
	at org.springframework.beans.factory.support.DefaultSingletonBeanRegistry.getSingleton(DefaultSingletonBeanRegistry.java:222) ~[spring-beans-5.2.0.RELEASE.jar:5.2.0.RELEASE]
	at org.springframework.beans.factory.support.AbstractBeanFactory.doGetBean(AbstractBeanFactory.java:321) ~[spring-beans-5.2.0.RELEASE.jar:5.2.0.RELEASE]
	at org.springframework.beans.factory.support.AbstractBeanFactory.getBean(AbstractBeanFactory.java:202) ~[spring-beans-5.2.0.RELEASE.jar:5.2.0.RELEASE]
	at org.springframework.context.support.AbstractApplicationContext.getBean(AbstractApplicationContext.java:1108) ~[spring-context-5.2.0.RELEASE.jar:5.2.0.RELEASE]
	at org.springframework.context.support.AbstractApplicationContext.finishBeanFactoryInitialization(AbstractApplicationContext.java:868) ~[spring-context-5.2.0.RELEASE.jar:5.2.0.RELEASE]
	at org.springframework.context.support.AbstractApplicationContext.refresh(AbstractApplicationContext.java:550) ~[spring-context-5.2.0.RELEASE.jar:5.2.0.RELEASE]
	at org.springframework.boot.web.servlet.context.ServletWebServerApplicationContext.refresh(ServletWebServerApplicationContext.java:141) ~[spring-boot-2.2.0.RELEASE.jar:2.2.0.RELEASE]
	at org.springframework.boot.SpringApplication.refresh(SpringApplication.java:747) [spring-boot-2.2.0.RELEASE.jar:2.2.0.RELEASE]
	at org.springframework.boot.SpringApplication.refreshContext(SpringApplication.java:397) [spring-boot-2.2.0.RELEASE.jar:2.2.0.RELEASE]
	at org.springframework.boot.SpringApplication.run(SpringApplication.java:315) [spring-boot-2.2.0.RELEASE.jar:2.2.0.RELEASE]
	at org.springframework.boot.SpringApplication.run(SpringApplication.java:1226) [spring-boot-2.2.0.RELEASE.jar:2.2.0.RELEASE]
	at org.springframework.boot.SpringApplication.run(SpringApplication.java:1215) [spring-boot-2.2.0.RELEASE.jar:2.2.0.RELEASE]
	at com.jjy.blog.BlogApplication.main(BlogApplication.java:10) [classes/:na]
	at sun.reflect.NativeMethodAccessorImpl.invoke0(Native Method) ~[na:1.8.0_20]
	at sun.reflect.NativeMethodAccessorImpl.invoke(NativeMethodAccessorImpl.java:62) ~[na:1.8.0_20]
	at sun.reflect.DelegatingMethodAccessorImpl.invoke(DelegatingMethodAccessorImpl.java:43) ~[na:1.8.0_20]
	at java.lang.reflect.Method.invoke(Method.java:483) ~[na:1.8.0_20]
	at org.springframework.boot.devtools.restart.RestartLauncher.run(RestartLauncher.java:49) [spring-boot-devtools-2.2.0.RELEASE.jar:2.2.0.RELEASE]
Caused by: org.hibernate.service.spi.ServiceException: Unable to create requested service [org.hibernate.engine.jdbc.env.spi.JdbcEnvironment]
	at org.hibernate.service.internal.AbstractServiceRegistryImpl.createService(AbstractServiceRegistryImpl.java:275) ~[hibernate-core-5.4.6.Final.jar:5.4.6.Final]
	at org.hibernate.service.internal.AbstractServiceRegistryImpl.initializeService(AbstractServiceRegistryImpl.java:237) ~[hibernate-core-5.4.6.Final.jar:5.4.6.Final]
	at org.hibernate.service.internal.AbstractServiceRegistryImpl.getService(AbstractServiceRegistryImpl.java:214) ~[hibernate-core-5.4.6.Final.jar:5.4.6.Final]
	at org.hibernate.id.factory.internal.DefaultIdentifierGeneratorFactory.injectServices(DefaultIdentifierGeneratorFactory.java:152) ~[hibernate-core-5.4.6.Final.jar:5.4.6.Final]
	at org.hibernate.service.internal.AbstractServiceRegistryImpl.injectDependencies(AbstractServiceRegistryImpl.java:286) ~[hibernate-core-5.4.6.Final.jar:5.4.6.Final]
	at org.hibernate.service.internal.AbstractServiceRegistryImpl.initializeService(AbstractServiceRegistryImpl.java:243) ~[hibernate-core-5.4.6.Final.jar:5.4.6.Final]
	at org.hibernate.service.internal.AbstractServiceRegistryImpl.getService(AbstractServiceRegistryImpl.java:214) ~[hibernate-core-5.4.6.Final.jar:5.4.6.Final]
	at org.hibernate.boot.internal.InFlightMetadataCollectorImpl.<init>(InFlightMetadataCollectorImpl.java:175) ~[hibernate-core-5.4.6.Final.jar:5.4.6.Final]
	at org.hibernate.boot.model.process.spi.MetadataBuildingProcess.complete(MetadataBuildingProcess.java:118) ~[hibernate-core-5.4.6.Final.jar:5.4.6.Final]
	at org.hibernate.jpa.boot.internal.EntityManagerFactoryBuilderImpl.metadata(EntityManagerFactoryBuilderImpl.java:900) ~[hibernate-core-5.4.6.Final.jar:5.4.6.Final]
	at org.hibernate.jpa.boot.internal.EntityManagerFactoryBuilderImpl.build(EntityManagerFactoryBuilderImpl.java:931) ~[hibernate-core-5.4.6.Final.jar:5.4.6.Final]
	at org.springframework.orm.jpa.vendor.SpringHibernateJpaPersistenceProvider.createContainerEntityManagerFactory(SpringHibernateJpaPersistenceProvider.java:58) ~[spring-orm-5.2.0.RELEASE.jar:5.2.0.RELEASE]
	at org.springframework.orm.jpa.LocalContainerEntityManagerFactoryBean.createNativeEntityManagerFactory(LocalContainerEntityManagerFactoryBean.java:365) ~[spring-orm-5.2.0.RELEASE.jar:5.2.0.RELEASE]
	at org.springframework.orm.jpa.AbstractEntityManagerFactoryBean.buildNativeEntityManagerFactory(AbstractEntityManagerFactoryBean.java:391) ~[spring-orm-5.2.0.RELEASE.jar:5.2.0.RELEASE]
	at org.springframework.orm.jpa.AbstractEntityManagerFactoryBean.afterPropertiesSet(AbstractEntityManagerFactoryBean.java:378) ~[spring-orm-5.2.0.RELEASE.jar:5.2.0.RELEASE]
	at org.springframework.orm.jpa.LocalContainerEntityManagerFactoryBean.afterPropertiesSet(LocalContainerEntityManagerFactoryBean.java:341) ~[spring-orm-5.2.0.RELEASE.jar:5.2.0.RELEASE]
	at org.springframework.beans.factory.support.AbstractAutowireCapableBeanFactory.invokeInitMethods(AbstractAutowireCapableBeanFactory.java:1862) ~[spring-beans-5.2.0.RELEASE.jar:5.2.0.RELEASE]
	at org.springframework.beans.factory.support.AbstractAutowireCapableBeanFactory.initializeBean(AbstractAutowireCapableBeanFactory.java:1799) ~[spring-beans-5.2.0.RELEASE.jar:5.2.0.RELEASE]
	... 22 common frames omitted
Caused by: org.hibernate.HibernateException: Access to DialectResolutionInfo cannot be null when 'hibernate.dialect' not set
	at org.hibernate.engine.jdbc.dialect.internal.DialectFactoryImpl.determineDialect(DialectFactoryImpl.java:100) ~[hibernate-core-5.4.6.Final.jar:5.4.6.Final]
	at org.hibernate.engine.jdbc.dialect.internal.DialectFactoryImpl.buildDialect(DialectFactoryImpl.java:54) ~[hibernate-core-5.4.6.Final.jar:5.4.6.Final]
	at org.hibernate.engine.jdbc.env.internal.JdbcEnvironmentInitiator.initiateService(JdbcEnvironmentInitiator.java:137) ~[hibernate-core-5.4.6.Final.jar:5.4.6.Final]
	at org.hibernate.engine.jdbc.env.internal.JdbcEnvironmentInitiator.initiateService(JdbcEnvironmentInitiator.java:35) ~[hibernate-core-5.4.6.Final.jar:5.4.6.Final]
	at org.hibernate.boot.registry.internal.StandardServiceRegistryImpl.initiateService(StandardServiceRegistryImpl.java:101) ~[hibernate-core-5.4.6.Final.jar:5.4.6.Final]
	at org.hibernate.service.internal.AbstractServiceRegistryImpl.createService(AbstractServiceRegistryImpl.java:263) ~[hibernate-core-5.4.6.Final.jar:5.4.6.Final]
	... 39 common frames omitted

2019-11-05 10:51:14.795  INFO 6828 --- [restartedMain] com.jjy.blog.BlogApplication             : Starting BlogApplication on DESKTOP-6B0KO1D with PID 6828 (E:\JAVA_WEB\blog\target\classes started by 15381 in E:\JAVA_WEB\blog)
2019-11-05 10:51:14.797  INFO 6828 --- [restartedMain] com.jjy.blog.BlogApplication             : The following profiles are active: pro
2019-11-05 10:51:15.899  WARN 6828 --- [restartedMain] o.a.catalina.core.AprLifecycleListener   : The APR based Apache Tomcat Native library failed to load. The error reported was [no tcnative-1 in java.library.path]

java.lang.UnsatisfiedLinkError: no tcnative-1 in java.library.path
	at java.lang.ClassLoader.loadLibrary(ClassLoader.java:1857) ~[na:1.8.0_20]
	at java.lang.Runtime.loadLibrary0(Runtime.java:870) ~[na:1.8.0_20]
	at java.lang.System.loadLibrary(System.java:1119) ~[na:1.8.0_20]
	at org.apache.tomcat.jni.Library.<init>(Library.java:69) ~[tomcat-embed-core-9.0.27.jar:9.0.27]
	at org.apache.tomcat.jni.Library.initialize(Library.java:206) ~[tomcat-embed-core-9.0.27.jar:9.0.27]
	at org.apache.catalina.core.AprLifecycleListener.init(AprLifecycleListener.java:198) [tomcat-embed-core-9.0.27.jar:9.0.27]
	at org.apache.catalina.core.AprLifecycleListener.isAprAvailable(AprLifecycleListener.java:107) [tomcat-embed-core-9.0.27.jar:9.0.27]
	at org.springframework.boot.web.embedded.tomcat.TomcatServletWebServerFactory.getDefaultLifecycleListeners(TomcatServletWebServerFactory.java:168) [spring-boot-2.2.0.RELEASE.jar:2.2.0.RELEASE]
	at org.springframework.boot.web.embedded.tomcat.TomcatServletWebServerFactory.<init>(TomcatServletWebServerFactory.java:119) [spring-boot-2.2.0.RELEASE.jar:2.2.0.RELEASE]
	at org.springframework.boot.autoconfigure.web.servlet.ServletWebServerFactoryConfiguration$EmbeddedTomcat.tomcatServletWebServerFactory(ServletWebServerFactoryConfiguration.java:75) [spring-boot-autoconfigure-2.2.0.RELEASE.jar:2.2.0.RELEASE]
	at sun.reflect.NativeMethodAccessorImpl.invoke0(Native Method) ~[na:1.8.0_20]
	at sun.reflect.NativeMethodAccessorImpl.invoke(NativeMethodAccessorImpl.java:62) ~[na:1.8.0_20]
	at sun.reflect.DelegatingMethodAccessorImpl.invoke(DelegatingMethodAccessorImpl.java:43) ~[na:1.8.0_20]
	at java.lang.reflect.Method.invoke(Method.java:483) ~[na:1.8.0_20]
	at org.springframework.beans.factory.support.SimpleInstantiationStrategy.instantiate(SimpleInstantiationStrategy.java:154) [spring-beans-5.2.0.RELEASE.jar:5.2.0.RELEASE]
	at org.springframework.beans.factory.support.ConstructorResolver.instantiate(ConstructorResolver.java:640) [spring-beans-5.2.0.RELEASE.jar:5.2.0.RELEASE]
	at org.springframework.beans.factory.support.ConstructorResolver.instantiateUsingFactoryMethod(ConstructorResolver.java:625) [spring-beans-5.2.0.RELEASE.jar:5.2.0.RELEASE]
	at org.springframework.beans.factory.support.AbstractAutowireCapableBeanFactory.instantiateUsingFactoryMethod(AbstractAutowireCapableBeanFactory.java:1338) [spring-beans-5.2.0.RELEASE.jar:5.2.0.RELEASE]
	at org.springframework.beans.factory.support.AbstractAutowireCapableBeanFactory.createBeanInstance(AbstractAutowireCapableBeanFactory.java:1177) [spring-beans-5.2.0.RELEASE.jar:5.2.0.RELEASE]
	at org.springframework.beans.factory.support.AbstractAutowireCapableBeanFactory.doCreateBean(AbstractAutowireCapableBeanFactory.java:557) [spring-beans-5.2.0.RELEASE.jar:5.2.0.RELEASE]
	at org.springframework.beans.factory.support.AbstractAutowireCapableBeanFactory.createBean(AbstractAutowireCapableBeanFactory.java:517) [spring-beans-5.2.0.RELEASE.jar:5.2.0.RELEASE]
	at org.springframework.beans.factory.support.AbstractBeanFactory.lambda$doGetBean$0(AbstractBeanFactory.java:323) [spring-beans-5.2.0.RELEASE.jar:5.2.0.RELEASE]
	at org.springframework.beans.factory.support.AbstractBeanFactory$$Lambda$180/303952935.getObject(Unknown Source) [spring-beans-5.2.0.RELEASE.jar:5.2.0.RELEASE]
	at org.springframework.beans.factory.support.DefaultSingletonBeanRegistry.getSingleton(DefaultSingletonBeanRegistry.java:222) [spring-beans-5.2.0.RELEASE.jar:5.2.0.RELEASE]
	at org.springframework.beans.factory.support.AbstractBeanFactory.doGetBean(AbstractBeanFactory.java:321) [spring-beans-5.2.0.RELEASE.jar:5.2.0.RELEASE]
	at org.springframework.beans.factory.support.AbstractBeanFactory.getBean(AbstractBeanFactory.java:207) [spring-beans-5.2.0.RELEASE.jar:5.2.0.RELEASE]
	at org.springframework.boot.web.servlet.context.ServletWebServerApplicationContext.getWebServerFactory(ServletWebServerApplicationContext.java:210) [spring-boot-2.2.0.RELEASE.jar:2.2.0.RELEASE]
	at org.springframework.boot.web.servlet.context.ServletWebServerApplicationContext.createWebServer(ServletWebServerApplicationContext.java:179) [spring-boot-2.2.0.RELEASE.jar:2.2.0.RELEASE]
	at org.springframework.boot.web.servlet.context.ServletWebServerApplicationContext.onRefresh(ServletWebServerApplicationContext.java:153) [spring-boot-2.2.0.RELEASE.jar:2.2.0.RELEASE]
	at org.springframework.context.support.AbstractApplicationContext.refresh(AbstractApplicationContext.java:544) [spring-context-5.2.0.RELEASE.jar:5.2.0.RELEASE]
	at org.springframework.boot.web.servlet.context.ServletWebServerApplicationContext.refresh(ServletWebServerApplicationContext.java:141) [spring-boot-2.2.0.RELEASE.jar:2.2.0.RELEASE]
	at org.springframework.boot.SpringApplication.refresh(SpringApplication.java:747) [spring-boot-2.2.0.RELEASE.jar:2.2.0.RELEASE]
	at org.springframework.boot.SpringApplication.refreshContext(SpringApplication.java:397) [spring-boot-2.2.0.RELEASE.jar:2.2.0.RELEASE]
	at org.springframework.boot.SpringApplication.run(SpringApplication.java:315) [spring-boot-2.2.0.RELEASE.jar:2.2.0.RELEASE]
	at org.springframework.boot.SpringApplication.run(SpringApplication.java:1226) [spring-boot-2.2.0.RELEASE.jar:2.2.0.RELEASE]
	at org.springframework.boot.SpringApplication.run(SpringApplication.java:1215) [spring-boot-2.2.0.RELEASE.jar:2.2.0.RELEASE]
	at com.jjy.blog.BlogApplication.main(BlogApplication.java:10) [classes/:na]
	at sun.reflect.NativeMethodAccessorImpl.invoke0(Native Method) ~[na:1.8.0_20]
	at sun.reflect.NativeMethodAccessorImpl.invoke(NativeMethodAccessorImpl.java:62) ~[na:1.8.0_20]
	at sun.reflect.DelegatingMethodAccessorImpl.invoke(DelegatingMethodAccessorImpl.java:43) ~[na:1.8.0_20]
	at java.lang.reflect.Method.invoke(Method.java:483) ~[na:1.8.0_20]
	at org.springframework.boot.devtools.restart.RestartLauncher.run(RestartLauncher.java:49) [spring-boot-devtools-2.2.0.RELEASE.jar:2.2.0.RELEASE]

2019-11-05 10:51:16.508 ERROR 6828 --- [restartedMain] com.zaxxer.hikari.pool.HikariPool        : HikariPool-1 - Exception during pool initialization.

java.sql.SQLSyntaxErrorException: Unknown database 'blog'
	at com.mysql.cj.jdbc.exceptions.SQLError.createSQLException(SQLError.java:120) ~[mysql-connector-java-8.0.17.jar:8.0.17]
	at com.mysql.cj.jdbc.exceptions.SQLError.createSQLException(SQLError.java:97) ~[mysql-connector-java-8.0.17.jar:8.0.17]
	at com.mysql.cj.jdbc.exceptions.SQLExceptionsMapping.translateException(SQLExceptionsMapping.java:122) ~[mysql-connector-java-8.0.17.jar:8.0.17]
	at com.mysql.cj.jdbc.ConnectionImpl.createNewIO(ConnectionImpl.java:827) ~[mysql-connector-java-8.0.17.jar:8.0.17]
	at com.mysql.cj.jdbc.ConnectionImpl.<init>(ConnectionImpl.java:447) ~[mysql-connector-java-8.0.17.jar:8.0.17]
	at com.mysql.cj.jdbc.ConnectionImpl.getInstance(ConnectionImpl.java:237) ~[mysql-connector-java-8.0.17.jar:8.0.17]
	at com.mysql.cj.jdbc.NonRegisteringDriver.connect(NonRegisteringDriver.java:199) ~[mysql-connector-java-8.0.17.jar:8.0.17]
	at com.zaxxer.hikari.util.DriverDataSource.getConnection(DriverDataSource.java:138) ~[HikariCP-3.4.1.jar:na]
	at com.zaxxer.hikari.pool.PoolBase.newConnection(PoolBase.java:353) ~[HikariCP-3.4.1.jar:na]
	at com.zaxxer.hikari.pool.PoolBase.newPoolEntry(PoolBase.java:201) ~[HikariCP-3.4.1.jar:na]
	at com.zaxxer.hikari.pool.HikariPool.createPoolEntry(HikariPool.java:473) [HikariCP-3.4.1.jar:na]
	at com.zaxxer.hikari.pool.HikariPool.checkFailFast(HikariPool.java:562) [HikariCP-3.4.1.jar:na]
	at com.zaxxer.hikari.pool.HikariPool.<init>(HikariPool.java:115) [HikariCP-3.4.1.jar:na]
	at com.zaxxer.hikari.HikariDataSource.getConnection(HikariDataSource.java:112) [HikariCP-3.4.1.jar:na]
	at org.springframework.jdbc.datasource.DataSourceUtils.fetchConnection(DataSourceUtils.java:158) [spring-jdbc-5.2.0.RELEASE.jar:5.2.0.RELEASE]
	at org.springframework.jdbc.datasource.DataSourceUtils.doGetConnection(DataSourceUtils.java:116) [spring-jdbc-5.2.0.RELEASE.jar:5.2.0.RELEASE]
	at org.springframework.jdbc.datasource.DataSourceUtils.getConnection(DataSourceUtils.java:79) [spring-jdbc-5.2.0.RELEASE.jar:5.2.0.RELEASE]
	at org.springframework.jdbc.core.JdbcTemplate.execute(JdbcTemplate.java:324) [spring-jdbc-5.2.0.RELEASE.jar:5.2.0.RELEASE]
	at org.springframework.boot.jdbc.EmbeddedDatabaseConnection.isEmbedded(EmbeddedDatabaseConnection.java:120) [spring-boot-2.2.0.RELEASE.jar:2.2.0.RELEASE]
	at org.springframework.boot.autoconfigure.orm.jpa.HibernateDefaultDdlAutoProvider.getDefaultDdlAuto(HibernateDefaultDdlAutoProvider.java:42) [spring-boot-autoconfigure-2.2.0.RELEASE.jar:2.2.0.RELEASE]
	at org.springframework.boot.autoconfigure.orm.jpa.HibernateJpaConfiguration.lambda$getVendorProperties$1(HibernateJpaConfiguration.java:130) [spring-boot-autoconfigure-2.2.0.RELEASE.jar:2.2.0.RELEASE]
	at org.springframework.boot.autoconfigure.orm.jpa.HibernateJpaConfiguration$$Lambda$437/2000578953.get(Unknown Source) [spring-boot-autoconfigure-2.2.0.RELEASE.jar:2.2.0.RELEASE]
	at org.springframework.boot.autoconfigure.orm.jpa.HibernateSettings.getDdlAuto(HibernateSettings.java:41) [spring-boot-autoconfigure-2.2.0.RELEASE.jar:2.2.0.RELEASE]
	at org.springframework.boot.autoconfigure.orm.jpa.HibernateProperties$$Lambda$438/1838538172.get(Unknown Source) [spring-boot-autoconfigure-2.2.0.RELEASE.jar:2.2.0.RELEASE]
	at org.springframework.boot.autoconfigure.orm.jpa.HibernateProperties.determineDdlAuto(HibernateProperties.java:136) [spring-boot-autoconfigure-2.2.0.RELEASE.jar:2.2.0.RELEASE]
	at org.springframework.boot.autoconfigure.orm.jpa.HibernateProperties.getAdditionalProperties(HibernateProperties.java:102) [spring-boot-autoconfigure-2.2.0.RELEASE.jar:2.2.0.RELEASE]
	at org.springframework.boot.autoconfigure.orm.jpa.HibernateProperties.determineHibernateProperties(HibernateProperties.java:94) [spring-boot-autoconfigure-2.2.0.RELEASE.jar:2.2.0.RELEASE]
	at org.springframework.boot.autoconfigure.orm.jpa.HibernateJpaConfiguration.getVendorProperties(HibernateJpaConfiguration.java:132) [spring-boot-autoconfigure-2.2.0.RELEASE.jar:2.2.0.RELEASE]
	at org.springframework.boot.autoconfigure.orm.jpa.JpaBaseConfiguration.entityManagerFactory(JpaBaseConfiguration.java:133) [spring-boot-autoconfigure-2.2.0.RELEASE.jar:2.2.0.RELEASE]
	at sun.reflect.NativeMethodAccessorImpl.invoke0(Native Method) ~[na:1.8.0_20]
	at sun.reflect.NativeMethodAccessorImpl.invoke(NativeMethodAccessorImpl.java:62) ~[na:1.8.0_20]
	at sun.reflect.DelegatingMethodAccessorImpl.invoke(DelegatingMethodAccessorImpl.java:43) ~[na:1.8.0_20]
	at java.lang.reflect.Method.invoke(Method.java:483) ~[na:1.8.0_20]
	at org.springframework.beans.factory.support.SimpleInstantiationStrategy.instantiate(SimpleInstantiationStrategy.java:154) [spring-beans-5.2.0.RELEASE.jar:5.2.0.RELEASE]
	at org.springframework.beans.factory.support.ConstructorResolver.instantiate(ConstructorResolver.java:640) [spring-beans-5.2.0.RELEASE.jar:5.2.0.RELEASE]
	at org.springframework.beans.factory.support.ConstructorResolver.instantiateUsingFactoryMethod(ConstructorResolver.java:625) [spring-beans-5.2.0.RELEASE.jar:5.2.0.RELEASE]
	at org.springframework.beans.factory.support.AbstractAutowireCapableBeanFactory.instantiateUsingFactoryMethod(AbstractAutowireCapableBeanFactory.java:1338) [spring-beans-5.2.0.RELEASE.jar:5.2.0.RELEASE]
	at org.springframework.beans.factory.support.AbstractAutowireCapableBeanFactory.createBeanInstance(AbstractAutowireCapableBeanFactory.java:1177) [spring-beans-5.2.0.RELEASE.jar:5.2.0.RELEASE]
	at org.springframework.beans.factory.support.AbstractAutowireCapableBeanFactory.doCreateBean(AbstractAutowireCapableBeanFactory.java:557) [spring-beans-5.2.0.RELEASE.jar:5.2.0.RELEASE]
	at org.springframework.beans.factory.support.AbstractAutowireCapableBeanFactory.createBean(AbstractAutowireCapableBeanFactory.java:517) [spring-beans-5.2.0.RELEASE.jar:5.2.0.RELEASE]
	at org.springframework.beans.factory.support.AbstractBeanFactory.lambda$doGetBean$0(AbstractBeanFactory.java:323) [spring-beans-5.2.0.RELEASE.jar:5.2.0.RELEASE]
	at org.springframework.beans.factory.support.AbstractBeanFactory$$Lambda$180/303952935.getObject(Unknown Source) [spring-beans-5.2.0.RELEASE.jar:5.2.0.RELEASE]
	at org.springframework.beans.factory.support.DefaultSingletonBeanRegistry.getSingleton(DefaultSingletonBeanRegistry.java:222) [spring-beans-5.2.0.RELEASE.jar:5.2.0.RELEASE]
	at org.springframework.beans.factory.support.AbstractBeanFactory.doGetBean(AbstractBeanFactory.java:321) [spring-beans-5.2.0.RELEASE.jar:5.2.0.RELEASE]
	at org.springframework.beans.factory.support.AbstractBeanFactory.getBean(AbstractBeanFactory.java:202) [spring-beans-5.2.0.RELEASE.jar:5.2.0.RELEASE]
	at org.springframework.context.support.AbstractApplicationContext.getBean(AbstractApplicationContext.java:1108) [spring-context-5.2.0.RELEASE.jar:5.2.0.RELEASE]
	at org.springframework.context.support.AbstractApplicationContext.finishBeanFactoryInitialization(AbstractApplicationContext.java:868) [spring-context-5.2.0.RELEASE.jar:5.2.0.RELEASE]
	at org.springframework.context.support.AbstractApplicationContext.refresh(AbstractApplicationContext.java:550) [spring-context-5.2.0.RELEASE.jar:5.2.0.RELEASE]
	at org.springframework.boot.web.servlet.context.ServletWebServerApplicationContext.refresh(ServletWebServerApplicationContext.java:141) [spring-boot-2.2.0.RELEASE.jar:2.2.0.RELEASE]
	at org.springframework.boot.SpringApplication.refresh(SpringApplication.java:747) [spring-boot-2.2.0.RELEASE.jar:2.2.0.RELEASE]
	at org.springframework.boot.SpringApplication.refreshContext(SpringApplication.java:397) [spring-boot-2.2.0.RELEASE.jar:2.2.0.RELEASE]
	at org.springframework.boot.SpringApplication.run(SpringApplication.java:315) [spring-boot-2.2.0.RELEASE.jar:2.2.0.RELEASE]
	at org.springframework.boot.SpringApplication.run(SpringApplication.java:1226) [spring-boot-2.2.0.RELEASE.jar:2.2.0.RELEASE]
	at org.springframework.boot.SpringApplication.run(SpringApplication.java:1215) [spring-boot-2.2.0.RELEASE.jar:2.2.0.RELEASE]
	at com.jjy.blog.BlogApplication.main(BlogApplication.java:10) [classes/:na]
	at sun.reflect.NativeMethodAccessorImpl.invoke0(Native Method) ~[na:1.8.0_20]
	at sun.reflect.NativeMethodAccessorImpl.invoke(NativeMethodAccessorImpl.java:62) ~[na:1.8.0_20]
	at sun.reflect.DelegatingMethodAccessorImpl.invoke(DelegatingMethodAccessorImpl.java:43) ~[na:1.8.0_20]
	at java.lang.reflect.Method.invoke(Method.java:483) ~[na:1.8.0_20]
	at org.springframework.boot.devtools.restart.RestartLauncher.run(RestartLauncher.java:49) [spring-boot-devtools-2.2.0.RELEASE.jar:2.2.0.RELEASE]

2019-11-05 10:51:16.816 ERROR 6828 --- [restartedMain] com.zaxxer.hikari.pool.HikariPool        : HikariPool-1 - Exception during pool initialization.

java.sql.SQLSyntaxErrorException: Unknown database 'blog'
	at com.mysql.cj.jdbc.exceptions.SQLError.createSQLException(SQLError.java:120) ~[mysql-connector-java-8.0.17.jar:8.0.17]
	at com.mysql.cj.jdbc.exceptions.SQLError.createSQLException(SQLError.java:97) ~[mysql-connector-java-8.0.17.jar:8.0.17]
	at com.mysql.cj.jdbc.exceptions.SQLExceptionsMapping.translateException(SQLExceptionsMapping.java:122) ~[mysql-connector-java-8.0.17.jar:8.0.17]
	at com.mysql.cj.jdbc.ConnectionImpl.createNewIO(ConnectionImpl.java:827) ~[mysql-connector-java-8.0.17.jar:8.0.17]
	at com.mysql.cj.jdbc.ConnectionImpl.<init>(ConnectionImpl.java:447) ~[mysql-connector-java-8.0.17.jar:8.0.17]
	at com.mysql.cj.jdbc.ConnectionImpl.getInstance(ConnectionImpl.java:237) ~[mysql-connector-java-8.0.17.jar:8.0.17]
	at com.mysql.cj.jdbc.NonRegisteringDriver.connect(NonRegisteringDriver.java:199) ~[mysql-connector-java-8.0.17.jar:8.0.17]
	at com.zaxxer.hikari.util.DriverDataSource.getConnection(DriverDataSource.java:138) ~[HikariCP-3.4.1.jar:na]
	at com.zaxxer.hikari.pool.PoolBase.newConnection(PoolBase.java:353) ~[HikariCP-3.4.1.jar:na]
	at com.zaxxer.hikari.pool.PoolBase.newPoolEntry(PoolBase.java:201) ~[HikariCP-3.4.1.jar:na]
	at com.zaxxer.hikari.pool.HikariPool.createPoolEntry(HikariPool.java:473) [HikariCP-3.4.1.jar:na]
	at com.zaxxer.hikari.pool.HikariPool.checkFailFast(HikariPool.java:562) [HikariCP-3.4.1.jar:na]
	at com.zaxxer.hikari.pool.HikariPool.<init>(HikariPool.java:115) [HikariCP-3.4.1.jar:na]
	at com.zaxxer.hikari.HikariDataSource.getConnection(HikariDataSource.java:112) [HikariCP-3.4.1.jar:na]
	at org.hibernate.engine.jdbc.connections.internal.DatasourceConnectionProviderImpl.getConnection(DatasourceConnectionProviderImpl.java:122) [hibernate-core-5.4.6.Final.jar:5.4.6.Final]
	at org.hibernate.engine.jdbc.env.internal.JdbcEnvironmentInitiator$ConnectionProviderJdbcConnectionAccess.obtainConnection(JdbcEnvironmentInitiator.java:180) [hibernate-core-5.4.6.Final.jar:5.4.6.Final]
	at org.hibernate.engine.jdbc.env.internal.JdbcEnvironmentInitiator.initiateService(JdbcEnvironmentInitiator.java:68) [hibernate-core-5.4.6.Final.jar:5.4.6.Final]
	at org.hibernate.engine.jdbc.env.internal.JdbcEnvironmentInitiator.initiateService(JdbcEnvironmentInitiator.java:35) [hibernate-core-5.4.6.Final.jar:5.4.6.Final]
	at org.hibernate.boot.registry.internal.StandardServiceRegistryImpl.initiateService(StandardServiceRegistryImpl.java:101) [hibernate-core-5.4.6.Final.jar:5.4.6.Final]
	at org.hibernate.service.internal.AbstractServiceRegistryImpl.createService(AbstractServiceRegistryImpl.java:263) [hibernate-core-5.4.6.Final.jar:5.4.6.Final]
	at org.hibernate.service.internal.AbstractServiceRegistryImpl.initializeService(AbstractServiceRegistryImpl.java:237) [hibernate-core-5.4.6.Final.jar:5.4.6.Final]
	at org.hibernate.service.internal.AbstractServiceRegistryImpl.getService(AbstractServiceRegistryImpl.java:214) [hibernate-core-5.4.6.Final.jar:5.4.6.Final]
	at org.hibernate.id.factory.internal.DefaultIdentifierGeneratorFactory.injectServices(DefaultIdentifierGeneratorFactory.java:152) [hibernate-core-5.4.6.Final.jar:5.4.6.Final]
	at org.hibernate.service.internal.AbstractServiceRegistryImpl.injectDependencies(AbstractServiceRegistryImpl.java:286) [hibernate-core-5.4.6.Final.jar:5.4.6.Final]
	at org.hibernate.service.internal.AbstractServiceRegistryImpl.initializeService(AbstractServiceRegistryImpl.java:243) [hibernate-core-5.4.6.Final.jar:5.4.6.Final]
	at org.hibernate.service.internal.AbstractServiceRegistryImpl.getService(AbstractServiceRegistryImpl.java:214) [hibernate-core-5.4.6.Final.jar:5.4.6.Final]
	at org.hibernate.boot.internal.InFlightMetadataCollectorImpl.<init>(InFlightMetadataCollectorImpl.java:175) [hibernate-core-5.4.6.Final.jar:5.4.6.Final]
	at org.hibernate.boot.model.process.spi.MetadataBuildingProcess.complete(MetadataBuildingProcess.java:118) [hibernate-core-5.4.6.Final.jar:5.4.6.Final]
	at org.hibernate.jpa.boot.internal.EntityManagerFactoryBuilderImpl.metadata(EntityManagerFactoryBuilderImpl.java:900) [hibernate-core-5.4.6.Final.jar:5.4.6.Final]
	at org.hibernate.jpa.boot.internal.EntityManagerFactoryBuilderImpl.build(EntityManagerFactoryBuilderImpl.java:931) [hibernate-core-5.4.6.Final.jar:5.4.6.Final]
	at org.springframework.orm.jpa.vendor.SpringHibernateJpaPersistenceProvider.createContainerEntityManagerFactory(SpringHibernateJpaPersistenceProvider.java:58) [spring-orm-5.2.0.RELEASE.jar:5.2.0.RELEASE]
	at org.springframework.orm.jpa.LocalContainerEntityManagerFactoryBean.createNativeEntityManagerFactory(LocalContainerEntityManagerFactoryBean.java:365) [spring-orm-5.2.0.RELEASE.jar:5.2.0.RELEASE]
	at org.springframework.orm.jpa.AbstractEntityManagerFactoryBean.buildNativeEntityManagerFactory(AbstractEntityManagerFactoryBean.java:391) [spring-orm-5.2.0.RELEASE.jar:5.2.0.RELEASE]
	at org.springframework.orm.jpa.AbstractEntityManagerFactoryBean.afterPropertiesSet(AbstractEntityManagerFactoryBean.java:378) [spring-orm-5.2.0.RELEASE.jar:5.2.0.RELEASE]
	at org.springframework.orm.jpa.LocalContainerEntityManagerFactoryBean.afterPropertiesSet(LocalContainerEntityManagerFactoryBean.java:341) [spring-orm-5.2.0.RELEASE.jar:5.2.0.RELEASE]
	at org.springframework.beans.factory.support.AbstractAutowireCapableBeanFactory.invokeInitMethods(AbstractAutowireCapableBeanFactory.java:1862) [spring-beans-5.2.0.RELEASE.jar:5.2.0.RELEASE]
	at org.springframework.beans.factory.support.AbstractAutowireCapableBeanFactory.initializeBean(AbstractAutowireCapableBeanFactory.java:1799) [spring-beans-5.2.0.RELEASE.jar:5.2.0.RELEASE]
	at org.springframework.beans.factory.support.AbstractAutowireCapableBeanFactory.doCreateBean(AbstractAutowireCapableBeanFactory.java:595) [spring-beans-5.2.0.RELEASE.jar:5.2.0.RELEASE]
	at org.springframework.beans.factory.support.AbstractAutowireCapableBeanFactory.createBean(AbstractAutowireCapableBeanFactory.java:517) [spring-beans-5.2.0.RELEASE.jar:5.2.0.RELEASE]
	at org.springframework.beans.factory.support.AbstractBeanFactory.lambda$doGetBean$0(AbstractBeanFactory.java:323) [spring-beans-5.2.0.RELEASE.jar:5.2.0.RELEASE]
	at org.springframework.beans.factory.support.AbstractBeanFactory$$Lambda$180/303952935.getObject(Unknown Source) [spring-beans-5.2.0.RELEASE.jar:5.2.0.RELEASE]
	at org.springframework.beans.factory.support.DefaultSingletonBeanRegistry.getSingleton(DefaultSingletonBeanRegistry.java:222) [spring-beans-5.2.0.RELEASE.jar:5.2.0.RELEASE]
	at org.springframework.beans.factory.support.AbstractBeanFactory.doGetBean(AbstractBeanFactory.java:321) [spring-beans-5.2.0.RELEASE.jar:5.2.0.RELEASE]
	at org.springframework.beans.factory.support.AbstractBeanFactory.getBean(AbstractBeanFactory.java:202) [spring-beans-5.2.0.RELEASE.jar:5.2.0.RELEASE]
	at org.springframework.context.support.AbstractApplicationContext.getBean(AbstractApplicationContext.java:1108) [spring-context-5.2.0.RELEASE.jar:5.2.0.RELEASE]
	at org.springframework.context.support.AbstractApplicationContext.finishBeanFactoryInitialization(AbstractApplicationContext.java:868) [spring-context-5.2.0.RELEASE.jar:5.2.0.RELEASE]
	at org.springframework.context.support.AbstractApplicationContext.refresh(AbstractApplicationContext.java:550) [spring-context-5.2.0.RELEASE.jar:5.2.0.RELEASE]
	at org.springframework.boot.web.servlet.context.ServletWebServerApplicationContext.refresh(ServletWebServerApplicationContext.java:141) [spring-boot-2.2.0.RELEASE.jar:2.2.0.RELEASE]
	at org.springframework.boot.SpringApplication.refresh(SpringApplication.java:747) [spring-boot-2.2.0.RELEASE.jar:2.2.0.RELEASE]
	at org.springframework.boot.SpringApplication.refreshContext(SpringApplication.java:397) [spring-boot-2.2.0.RELEASE.jar:2.2.0.RELEASE]
	at org.springframework.boot.SpringApplication.run(SpringApplication.java:315) [spring-boot-2.2.0.RELEASE.jar:2.2.0.RELEASE]
	at org.springframework.boot.SpringApplication.run(SpringApplication.java:1226) [spring-boot-2.2.0.RELEASE.jar:2.2.0.RELEASE]
	at org.springframework.boot.SpringApplication.run(SpringApplication.java:1215) [spring-boot-2.2.0.RELEASE.jar:2.2.0.RELEASE]
	at com.jjy.blog.BlogApplication.main(BlogApplication.java:10) [classes/:na]
	at sun.reflect.NativeMethodAccessorImpl.invoke0(Native Method) ~[na:1.8.0_20]
	at sun.reflect.NativeMethodAccessorImpl.invoke(NativeMethodAccessorImpl.java:62) ~[na:1.8.0_20]
	at sun.reflect.DelegatingMethodAccessorImpl.invoke(DelegatingMethodAccessorImpl.java:43) ~[na:1.8.0_20]
	at java.lang.reflect.Method.invoke(Method.java:483) ~[na:1.8.0_20]
	at org.springframework.boot.devtools.restart.RestartLauncher.run(RestartLauncher.java:49) [spring-boot-devtools-2.2.0.RELEASE.jar:2.2.0.RELEASE]

2019-11-05 10:51:16.817  WARN 6828 --- [restartedMain] o.h.e.j.e.i.JdbcEnvironmentInitiator     : HHH000342: Could not obtain connection to query metadata : Unknown database 'blog'
2019-11-05 10:51:16.819  WARN 6828 --- [restartedMain] ConfigServletWebServerApplicationContext : Exception encountered during context initialization - cancelling refresh attempt: org.springframework.beans.factory.BeanCreationException: Error creating bean with name 'entityManagerFactory' defined in class path resource [org/springframework/boot/autoconfigure/orm/jpa/HibernateJpaConfiguration.class]: Invocation of init method failed; nested exception is org.hibernate.service.spi.ServiceException: Unable to create requested service [org.hibernate.engine.jdbc.env.spi.JdbcEnvironment]
2019-11-05 10:51:16.839 ERROR 6828 --- [restartedMain] o.s.boot.SpringApplication               : Application run failed

org.springframework.beans.factory.BeanCreationException: Error creating bean with name 'entityManagerFactory' defined in class path resource [org/springframework/boot/autoconfigure/orm/jpa/HibernateJpaConfiguration.class]: Invocation of init method failed; nested exception is org.hibernate.service.spi.ServiceException: Unable to create requested service [org.hibernate.engine.jdbc.env.spi.JdbcEnvironment]
	at org.springframework.beans.factory.support.AbstractAutowireCapableBeanFactory.initializeBean(AbstractAutowireCapableBeanFactory.java:1803) ~[spring-beans-5.2.0.RELEASE.jar:5.2.0.RELEASE]
	at org.springframework.beans.factory.support.AbstractAutowireCapableBeanFactory.doCreateBean(AbstractAutowireCapableBeanFactory.java:595) ~[spring-beans-5.2.0.RELEASE.jar:5.2.0.RELEASE]
	at org.springframework.beans.factory.support.AbstractAutowireCapableBeanFactory.createBean(AbstractAutowireCapableBeanFactory.java:517) ~[spring-beans-5.2.0.RELEASE.jar:5.2.0.RELEASE]
	at org.springframework.beans.factory.support.AbstractBeanFactory.lambda$doGetBean$0(AbstractBeanFactory.java:323) ~[spring-beans-5.2.0.RELEASE.jar:5.2.0.RELEASE]
	at org.springframework.beans.factory.support.AbstractBeanFactory$$Lambda$180/303952935.getObject(Unknown Source) ~[na:na]
	at org.springframework.beans.factory.support.DefaultSingletonBeanRegistry.getSingleton(DefaultSingletonBeanRegistry.java:222) ~[spring-beans-5.2.0.RELEASE.jar:5.2.0.RELEASE]
	at org.springframework.beans.factory.support.AbstractBeanFactory.doGetBean(AbstractBeanFactory.java:321) ~[spring-beans-5.2.0.RELEASE.jar:5.2.0.RELEASE]
	at org.springframework.beans.factory.support.AbstractBeanFactory.getBean(AbstractBeanFactory.java:202) ~[spring-beans-5.2.0.RELEASE.jar:5.2.0.RELEASE]
	at org.springframework.context.support.AbstractApplicationContext.getBean(AbstractApplicationContext.java:1108) ~[spring-context-5.2.0.RELEASE.jar:5.2.0.RELEASE]
	at org.springframework.context.support.AbstractApplicationContext.finishBeanFactoryInitialization(AbstractApplicationContext.java:868) ~[spring-context-5.2.0.RELEASE.jar:5.2.0.RELEASE]
	at org.springframework.context.support.AbstractApplicationContext.refresh(AbstractApplicationContext.java:550) ~[spring-context-5.2.0.RELEASE.jar:5.2.0.RELEASE]
	at org.springframework.boot.web.servlet.context.ServletWebServerApplicationContext.refresh(ServletWebServerApplicationContext.java:141) ~[spring-boot-2.2.0.RELEASE.jar:2.2.0.RELEASE]
	at org.springframework.boot.SpringApplication.refresh(SpringApplication.java:747) [spring-boot-2.2.0.RELEASE.jar:2.2.0.RELEASE]
	at org.springframework.boot.SpringApplication.refreshContext(SpringApplication.java:397) [spring-boot-2.2.0.RELEASE.jar:2.2.0.RELEASE]
	at org.springframework.boot.SpringApplication.run(SpringApplication.java:315) [spring-boot-2.2.0.RELEASE.jar:2.2.0.RELEASE]
	at org.springframework.boot.SpringApplication.run(SpringApplication.java:1226) [spring-boot-2.2.0.RELEASE.jar:2.2.0.RELEASE]
	at org.springframework.boot.SpringApplication.run(SpringApplication.java:1215) [spring-boot-2.2.0.RELEASE.jar:2.2.0.RELEASE]
	at com.jjy.blog.BlogApplication.main(BlogApplication.java:10) [classes/:na]
	at sun.reflect.NativeMethodAccessorImpl.invoke0(Native Method) ~[na:1.8.0_20]
	at sun.reflect.NativeMethodAccessorImpl.invoke(NativeMethodAccessorImpl.java:62) ~[na:1.8.0_20]
	at sun.reflect.DelegatingMethodAccessorImpl.invoke(DelegatingMethodAccessorImpl.java:43) ~[na:1.8.0_20]
	at java.lang.reflect.Method.invoke(Method.java:483) ~[na:1.8.0_20]
	at org.springframework.boot.devtools.restart.RestartLauncher.run(RestartLauncher.java:49) [spring-boot-devtools-2.2.0.RELEASE.jar:2.2.0.RELEASE]
Caused by: org.hibernate.service.spi.ServiceException: Unable to create requested service [org.hibernate.engine.jdbc.env.spi.JdbcEnvironment]
	at org.hibernate.service.internal.AbstractServiceRegistryImpl.createService(AbstractServiceRegistryImpl.java:275) ~[hibernate-core-5.4.6.Final.jar:5.4.6.Final]
	at org.hibernate.service.internal.AbstractServiceRegistryImpl.initializeService(AbstractServiceRegistryImpl.java:237) ~[hibernate-core-5.4.6.Final.jar:5.4.6.Final]
	at org.hibernate.service.internal.AbstractServiceRegistryImpl.getService(AbstractServiceRegistryImpl.java:214) ~[hibernate-core-5.4.6.Final.jar:5.4.6.Final]
	at org.hibernate.id.factory.internal.DefaultIdentifierGeneratorFactory.injectServices(DefaultIdentifierGeneratorFactory.java:152) ~[hibernate-core-5.4.6.Final.jar:5.4.6.Final]
	at org.hibernate.service.internal.AbstractServiceRegistryImpl.injectDependencies(AbstractServiceRegistryImpl.java:286) ~[hibernate-core-5.4.6.Final.jar:5.4.6.Final]
	at org.hibernate.service.internal.AbstractServiceRegistryImpl.initializeService(AbstractServiceRegistryImpl.java:243) ~[hibernate-core-5.4.6.Final.jar:5.4.6.Final]
	at org.hibernate.service.internal.AbstractServiceRegistryImpl.getService(AbstractServiceRegistryImpl.java:214) ~[hibernate-core-5.4.6.Final.jar:5.4.6.Final]
	at org.hibernate.boot.internal.InFlightMetadataCollectorImpl.<init>(InFlightMetadataCollectorImpl.java:175) ~[hibernate-core-5.4.6.Final.jar:5.4.6.Final]
	at org.hibernate.boot.model.process.spi.MetadataBuildingProcess.complete(MetadataBuildingProcess.java:118) ~[hibernate-core-5.4.6.Final.jar:5.4.6.Final]
	at org.hibernate.jpa.boot.internal.EntityManagerFactoryBuilderImpl.metadata(EntityManagerFactoryBuilderImpl.java:900) ~[hibernate-core-5.4.6.Final.jar:5.4.6.Final]
	at org.hibernate.jpa.boot.internal.EntityManagerFactoryBuilderImpl.build(EntityManagerFactoryBuilderImpl.java:931) ~[hibernate-core-5.4.6.Final.jar:5.4.6.Final]
	at org.springframework.orm.jpa.vendor.SpringHibernateJpaPersistenceProvider.createContainerEntityManagerFactory(SpringHibernateJpaPersistenceProvider.java:58) ~[spring-orm-5.2.0.RELEASE.jar:5.2.0.RELEASE]
	at org.springframework.orm.jpa.LocalContainerEntityManagerFactoryBean.createNativeEntityManagerFactory(LocalContainerEntityManagerFactoryBean.java:365) ~[spring-orm-5.2.0.RELEASE.jar:5.2.0.RELEASE]
	at org.springframework.orm.jpa.AbstractEntityManagerFactoryBean.buildNativeEntityManagerFactory(AbstractEntityManagerFactoryBean.java:391) ~[spring-orm-5.2.0.RELEASE.jar:5.2.0.RELEASE]
	at org.springframework.orm.jpa.AbstractEntityManagerFactoryBean.afterPropertiesSet(AbstractEntityManagerFactoryBean.java:378) ~[spring-orm-5.2.0.RELEASE.jar:5.2.0.RELEASE]
	at org.springframework.orm.jpa.LocalContainerEntityManagerFactoryBean.afterPropertiesSet(LocalContainerEntityManagerFactoryBean.java:341) ~[spring-orm-5.2.0.RELEASE.jar:5.2.0.RELEASE]
	at org.springframework.beans.factory.support.AbstractAutowireCapableBeanFactory.invokeInitMethods(AbstractAutowireCapableBeanFactory.java:1862) ~[spring-beans-5.2.0.RELEASE.jar:5.2.0.RELEASE]
	at org.springframework.beans.factory.support.AbstractAutowireCapableBeanFactory.initializeBean(AbstractAutowireCapableBeanFactory.java:1799) ~[spring-beans-5.2.0.RELEASE.jar:5.2.0.RELEASE]
	... 22 common frames omitted
Caused by: org.hibernate.HibernateException: Access to DialectResolutionInfo cannot be null when 'hibernate.dialect' not set
	at org.hibernate.engine.jdbc.dialect.internal.DialectFactoryImpl.determineDialect(DialectFactoryImpl.java:100) ~[hibernate-core-5.4.6.Final.jar:5.4.6.Final]
	at org.hibernate.engine.jdbc.dialect.internal.DialectFactoryImpl.buildDialect(DialectFactoryImpl.java:54) ~[hibernate-core-5.4.6.Final.jar:5.4.6.Final]
	at org.hibernate.engine.jdbc.env.internal.JdbcEnvironmentInitiator.initiateService(JdbcEnvironmentInitiator.java:137) ~[hibernate-core-5.4.6.Final.jar:5.4.6.Final]
	at org.hibernate.engine.jdbc.env.internal.JdbcEnvironmentInitiator.initiateService(JdbcEnvironmentInitiator.java:35) ~[hibernate-core-5.4.6.Final.jar:5.4.6.Final]
	at org.hibernate.boot.registry.internal.StandardServiceRegistryImpl.initiateService(StandardServiceRegistryImpl.java:101) ~[hibernate-core-5.4.6.Final.jar:5.4.6.Final]
	at org.hibernate.service.internal.AbstractServiceRegistryImpl.createService(AbstractServiceRegistryImpl.java:263) ~[hibernate-core-5.4.6.Final.jar:5.4.6.Final]
	... 39 common frames omitted

2019-11-05 10:51:36.455  INFO 17112 --- [restartedMain] com.jjy.blog.BlogApplication             : Starting BlogApplication on DESKTOP-6B0KO1D with PID 17112 (E:\JAVA_WEB\blog\target\classes started by 15381 in E:\JAVA_WEB\blog)
2019-11-05 10:51:36.458  INFO 17112 --- [restartedMain] com.jjy.blog.BlogApplication             : The following profiles are active: pro
2019-11-05 10:51:37.420  WARN 17112 --- [restartedMain] o.a.catalina.core.AprLifecycleListener   : The APR based Apache Tomcat Native library failed to load. The error reported was [no tcnative-1 in java.library.path]

java.lang.UnsatisfiedLinkError: no tcnative-1 in java.library.path
	at java.lang.ClassLoader.loadLibrary(ClassLoader.java:1857) ~[na:1.8.0_20]
	at java.lang.Runtime.loadLibrary0(Runtime.java:870) ~[na:1.8.0_20]
	at java.lang.System.loadLibrary(System.java:1119) ~[na:1.8.0_20]
	at org.apache.tomcat.jni.Library.<init>(Library.java:69) ~[tomcat-embed-core-9.0.27.jar:9.0.27]
	at org.apache.tomcat.jni.Library.initialize(Library.java:206) ~[tomcat-embed-core-9.0.27.jar:9.0.27]
	at org.apache.catalina.core.AprLifecycleListener.init(AprLifecycleListener.java:198) [tomcat-embed-core-9.0.27.jar:9.0.27]
	at org.apache.catalina.core.AprLifecycleListener.isAprAvailable(AprLifecycleListener.java:107) [tomcat-embed-core-9.0.27.jar:9.0.27]
	at org.springframework.boot.web.embedded.tomcat.TomcatServletWebServerFactory.getDefaultLifecycleListeners(TomcatServletWebServerFactory.java:168) [spring-boot-2.2.0.RELEASE.jar:2.2.0.RELEASE]
	at org.springframework.boot.web.embedded.tomcat.TomcatServletWebServerFactory.<init>(TomcatServletWebServerFactory.java:119) [spring-boot-2.2.0.RELEASE.jar:2.2.0.RELEASE]
	at org.springframework.boot.autoconfigure.web.servlet.ServletWebServerFactoryConfiguration$EmbeddedTomcat.tomcatServletWebServerFactory(ServletWebServerFactoryConfiguration.java:75) [spring-boot-autoconfigure-2.2.0.RELEASE.jar:2.2.0.RELEASE]
	at sun.reflect.NativeMethodAccessorImpl.invoke0(Native Method) ~[na:1.8.0_20]
	at sun.reflect.NativeMethodAccessorImpl.invoke(NativeMethodAccessorImpl.java:62) ~[na:1.8.0_20]
	at sun.reflect.DelegatingMethodAccessorImpl.invoke(DelegatingMethodAccessorImpl.java:43) ~[na:1.8.0_20]
	at java.lang.reflect.Method.invoke(Method.java:483) ~[na:1.8.0_20]
	at org.springframework.beans.factory.support.SimpleInstantiationStrategy.instantiate(SimpleInstantiationStrategy.java:154) [spring-beans-5.2.0.RELEASE.jar:5.2.0.RELEASE]
	at org.springframework.beans.factory.support.ConstructorResolver.instantiate(ConstructorResolver.java:640) [spring-beans-5.2.0.RELEASE.jar:5.2.0.RELEASE]
	at org.springframework.beans.factory.support.ConstructorResolver.instantiateUsingFactoryMethod(ConstructorResolver.java:625) [spring-beans-5.2.0.RELEASE.jar:5.2.0.RELEASE]
	at org.springframework.beans.factory.support.AbstractAutowireCapableBeanFactory.instantiateUsingFactoryMethod(AbstractAutowireCapableBeanFactory.java:1338) [spring-beans-5.2.0.RELEASE.jar:5.2.0.RELEASE]
	at org.springframework.beans.factory.support.AbstractAutowireCapableBeanFactory.createBeanInstance(AbstractAutowireCapableBeanFactory.java:1177) [spring-beans-5.2.0.RELEASE.jar:5.2.0.RELEASE]
	at org.springframework.beans.factory.support.AbstractAutowireCapableBeanFactory.doCreateBean(AbstractAutowireCapableBeanFactory.java:557) [spring-beans-5.2.0.RELEASE.jar:5.2.0.RELEASE]
	at org.springframework.beans.factory.support.AbstractAutowireCapableBeanFactory.createBean(AbstractAutowireCapableBeanFactory.java:517) [spring-beans-5.2.0.RELEASE.jar:5.2.0.RELEASE]
	at org.springframework.beans.factory.support.AbstractBeanFactory.lambda$doGetBean$0(AbstractBeanFactory.java:323) [spring-beans-5.2.0.RELEASE.jar:5.2.0.RELEASE]
	at org.springframework.beans.factory.support.AbstractBeanFactory$$Lambda$183/471755917.getObject(Unknown Source) [spring-beans-5.2.0.RELEASE.jar:5.2.0.RELEASE]
	at org.springframework.beans.factory.support.DefaultSingletonBeanRegistry.getSingleton(DefaultSingletonBeanRegistry.java:222) [spring-beans-5.2.0.RELEASE.jar:5.2.0.RELEASE]
	at org.springframework.beans.factory.support.AbstractBeanFactory.doGetBean(AbstractBeanFactory.java:321) [spring-beans-5.2.0.RELEASE.jar:5.2.0.RELEASE]
	at org.springframework.beans.factory.support.AbstractBeanFactory.getBean(AbstractBeanFactory.java:207) [spring-beans-5.2.0.RELEASE.jar:5.2.0.RELEASE]
	at org.springframework.boot.web.servlet.context.ServletWebServerApplicationContext.getWebServerFactory(ServletWebServerApplicationContext.java:210) [spring-boot-2.2.0.RELEASE.jar:2.2.0.RELEASE]
	at org.springframework.boot.web.servlet.context.ServletWebServerApplicationContext.createWebServer(ServletWebServerApplicationContext.java:179) [spring-boot-2.2.0.RELEASE.jar:2.2.0.RELEASE]
	at org.springframework.boot.web.servlet.context.ServletWebServerApplicationContext.onRefresh(ServletWebServerApplicationContext.java:153) [spring-boot-2.2.0.RELEASE.jar:2.2.0.RELEASE]
	at org.springframework.context.support.AbstractApplicationContext.refresh(AbstractApplicationContext.java:544) [spring-context-5.2.0.RELEASE.jar:5.2.0.RELEASE]
	at org.springframework.boot.web.servlet.context.ServletWebServerApplicationContext.refresh(ServletWebServerApplicationContext.java:141) [spring-boot-2.2.0.RELEASE.jar:2.2.0.RELEASE]
	at org.springframework.boot.SpringApplication.refresh(SpringApplication.java:747) [spring-boot-2.2.0.RELEASE.jar:2.2.0.RELEASE]
	at org.springframework.boot.SpringApplication.refreshContext(SpringApplication.java:397) [spring-boot-2.2.0.RELEASE.jar:2.2.0.RELEASE]
	at org.springframework.boot.SpringApplication.run(SpringApplication.java:315) [spring-boot-2.2.0.RELEASE.jar:2.2.0.RELEASE]
	at org.springframework.boot.SpringApplication.run(SpringApplication.java:1226) [spring-boot-2.2.0.RELEASE.jar:2.2.0.RELEASE]
	at org.springframework.boot.SpringApplication.run(SpringApplication.java:1215) [spring-boot-2.2.0.RELEASE.jar:2.2.0.RELEASE]
	at com.jjy.blog.BlogApplication.main(BlogApplication.java:10) [classes/:na]
	at sun.reflect.NativeMethodAccessorImpl.invoke0(Native Method) ~[na:1.8.0_20]
	at sun.reflect.NativeMethodAccessorImpl.invoke(NativeMethodAccessorImpl.java:62) ~[na:1.8.0_20]
	at sun.reflect.DelegatingMethodAccessorImpl.invoke(DelegatingMethodAccessorImpl.java:43) ~[na:1.8.0_20]
	at java.lang.reflect.Method.invoke(Method.java:483) ~[na:1.8.0_20]
	at org.springframework.boot.devtools.restart.RestartLauncher.run(RestartLauncher.java:49) [spring-boot-devtools-2.2.0.RELEASE.jar:2.2.0.RELEASE]

2019-11-05 10:51:38.625  WARN 17112 --- [restartedMain] JpaBaseConfiguration$JpaWebConfiguration : spring.jpa.open-in-view is enabled by default. Therefore, database queries may be performed during view rendering. Explicitly configure spring.jpa.open-in-view to disable this warning
2019-11-05 10:51:38.948  WARN 17112 --- [restartedMain] ion$DefaultTemplateResolverConfiguration : Cannot find template location: classpath:/templates/ (please add some templates or check your Thymeleaf configuration)
2019-11-05 10:51:39.080  INFO 17112 --- [restartedMain] com.jjy.blog.BlogApplication             : Started BlogApplication in 3.039 seconds (JVM running for 3.798)
